1593353666324|19|statement|connection 0|url jdbc:mysql://localhost:3306/my_project?serverTimezone=Asia/Shanghai|select                      id, url         from sys_route|select                      id, url         from sys_route
1593353666391|1|statement|connection 0|url jdbc:mysql://localhost:3306/my_project?serverTimezone=Asia/Shanghai|insert into sys_route (url)     values (?)|insert into sys_route (url)     values ('sys/role/update')
1593353666398|1|statement|connection 0|url jdbc:mysql://localhost:3306/my_project?serverTimezone=Asia/Shanghai|insert into sys_route (url)     values (?)|insert into sys_route (url)     values ('sys/role/delete{id}')
1593353666402|1|statement|connection 0|url jdbc:mysql://localhost:3306/my_project?serverTimezone=Asia/Shanghai|insert into sys_route (url)     values (?)|insert into sys_route (url)     values ('sys/role/get')
1593353666412|2|statement|connection 0|url jdbc:mysql://localhost:3306/my_project?serverTimezone=Asia/Shanghai|insert into sys_route (url)     values (?)|insert into sys_route (url)     values ('sys/role/list')
1593353666417|1|statement|connection 0|url jdbc:mysql://localhost:3306/my_project?serverTimezone=Asia/Shanghai|insert into sys_route (url)     values (?)|insert into sys_route (url)     values ('sys/role/data')
1593353666423|3|statement|connection 0|url jdbc:mysql://localhost:3306/my_project?serverTimezone=Asia/Shanghai|insert into sys_route (url)     values (?)|insert into sys_route (url)     values ('sys/role/delete')
1593353666427|1|statement|connection 0|url jdbc:mysql://localhost:3306/my_project?serverTimezone=Asia/Shanghai|insert into sys_route (url)     values (?)|insert into sys_route (url)     values ('sys/role/delete')
1593353666431|1|statement|connection 0|url jdbc:mysql://localhost:3306/my_project?serverTimezone=Asia/Shanghai|insert into sys_route (url)     values (?)|insert into sys_route (url)     values ('sys/role/save')
1593353666436|1|statement|connection 0|url jdbc:mysql://localhost:3306/my_project?serverTimezone=Asia/Shanghai|insert into sys_route (url)     values (?)|insert into sys_route (url)     values ('sys/user/update')
1593353666440|1|statement|connection 0|url jdbc:mysql://localhost:3306/my_project?serverTimezone=Asia/Shanghai|insert into sys_route (url)     values (?)|insert into sys_route (url)     values ('sys/user/delete{id}')
1593353666445|2|statement|connection 0|url jdbc:mysql://localhost:3306/my_project?serverTimezone=Asia/Shanghai|insert into sys_route (url)     values (?)|insert into sys_route (url)     values ('sys/user/get')
1593353666450|1|statement|connection 0|url jdbc:mysql://localhost:3306/my_project?serverTimezone=Asia/Shanghai|insert into sys_route (url)     values (?)|insert into sys_route (url)     values ('sys/user/list')
1593353666452|1|statement|connection 0|url jdbc:mysql://localhost:3306/my_project?serverTimezone=Asia/Shanghai|insert into sys_route (url)     values (?)|insert into sys_route (url)     values ('sys/user/data')
1593353666456|1|statement|connection 0|url jdbc:mysql://localhost:3306/my_project?serverTimezone=Asia/Shanghai|insert into sys_route (url)     values (?)|insert into sys_route (url)     values ('sys/user/delete')
1593353666461|1|statement|connection 0|url jdbc:mysql://localhost:3306/my_project?serverTimezone=Asia/Shanghai|insert into sys_route (url)     values (?)|insert into sys_route (url)     values ('sys/user/delete')
1593353666467|1|statement|connection 0|url jdbc:mysql://localhost:3306/my_project?serverTimezone=Asia/Shanghai|insert into sys_route (url)     values (?)|insert into sys_route (url)     values ('sys/user/save')
1593353666476|5|commit|connection 0|url jdbc:mysql://localhost:3306/my_project?serverTimezone=Asia/Shanghai||
1594104715961|178|statement|connection 0|url jdbc:mysql://localhost:3306/my_project?serverTimezone=Asia/Shanghai|select                      id, url, `name`, parent_id, weight         from sys_route|select                      id, url, `name`, parent_id, weight         from sys_route
1594104716022|8|statement|connection 0|url jdbc:mysql://localhost:3306/my_project?serverTimezone=Asia/Shanghai|insert into sys_route (url, `name`, parent_id,        weight)     values (?, ?, ?,        ?)|insert into sys_route (url, `name`, parent_id,        weight)     values ('customer/type/get', NULL, NULL,        NULL)
1594104716027|1|statement|connection 0|url jdbc:mysql://localhost:3306/my_project?serverTimezone=Asia/Shanghai|insert into sys_route (url, `name`, parent_id,        weight)     values (?, ?, ?,        ?)|insert into sys_route (url, `name`, parent_id,        weight)     values ('customer/type/update', NULL, NULL,        NULL)
1594104716029|1|statement|connection 0|url jdbc:mysql://localhost:3306/my_project?serverTimezone=Asia/Shanghai|insert into sys_route (url, `name`, parent_id,        weight)     values (?, ?, ?,        ?)|insert into sys_route (url, `name`, parent_id,        weight)     values ('customer/type/list', NULL, NULL,        NULL)
1594104716031|1|statement|connection 0|url jdbc:mysql://localhost:3306/my_project?serverTimezone=Asia/Shanghai|insert into sys_route (url, `name`, parent_id,        weight)     values (?, ?, ?,        ?)|insert into sys_route (url, `name`, parent_id,        weight)     values ('customer/type/data', NULL, NULL,        NULL)
1594104716034|1|statement|connection 0|url jdbc:mysql://localhost:3306/my_project?serverTimezone=Asia/Shanghai|insert into sys_route (url, `name`, parent_id,        weight)     values (?, ?, ?,        ?)|insert into sys_route (url, `name`, parent_id,        weight)     values ('customer/type/delete/{id}', NULL, NULL,        NULL)
1594104716037|1|statement|connection 0|url jdbc:mysql://localhost:3306/my_project?serverTimezone=Asia/Shanghai|insert into sys_route (url, `name`, parent_id,        weight)     values (?, ?, ?,        ?)|insert into sys_route (url, `name`, parent_id,        weight)     values ('customer/type/save', NULL, NULL,        NULL)
1594104716039|0|statement|connection 0|url jdbc:mysql://localhost:3306/my_project?serverTimezone=Asia/Shanghai|insert into sys_route (url, `name`, parent_id,        weight)     values (?, ?, ?,        ?)|insert into sys_route (url, `name`, parent_id,        weight)     values ('customer/type/delete', NULL, NULL,        NULL)
1594104716041|1|statement|connection 0|url jdbc:mysql://localhost:3306/my_project?serverTimezone=Asia/Shanghai|insert into sys_route (url, `name`, parent_id,        weight)     values (?, ?, ?,        ?)|insert into sys_route (url, `name`, parent_id,        weight)     values ('customer/type/get/{id}', NULL, NULL,        NULL)
1594104716044|1|statement|connection 0|url jdbc:mysql://localhost:3306/my_project?serverTimezone=Asia/Shanghai|insert into sys_route (url, `name`, parent_id,        weight)     values (?, ?, ?,        ?)|insert into sys_route (url, `name`, parent_id,        weight)     values ('goods/info/update', NULL, NULL,        NULL)
1594104716046|0|statement|connection 0|url jdbc:mysql://localhost:3306/my_project?serverTimezone=Asia/Shanghai|insert into sys_route (url, `name`, parent_id,        weight)     values (?, ?, ?,        ?)|insert into sys_route (url, `name`, parent_id,        weight)     values ('goods/info/list', NULL, NULL,        NULL)
1594104716047|0|statement|connection 0|url jdbc:mysql://localhost:3306/my_project?serverTimezone=Asia/Shanghai|insert into sys_route (url, `name`, parent_id,        weight)     values (?, ?, ?,        ?)|insert into sys_route (url, `name`, parent_id,        weight)     values ('goods/info/data', NULL, NULL,        NULL)
1594104716049|1|statement|connection 0|url jdbc:mysql://localhost:3306/my_project?serverTimezone=Asia/Shanghai|insert into sys_route (url, `name`, parent_id,        weight)     values (?, ?, ?,        ?)|insert into sys_route (url, `name`, parent_id,        weight)     values ('goods/info/save', NULL, NULL,        NULL)
1594104716052|1|statement|connection 0|url jdbc:mysql://localhost:3306/my_project?serverTimezone=Asia/Shanghai|insert into sys_route (url, `name`, parent_id,        weight)     values (?, ?, ?,        ?)|insert into sys_route (url, `name`, parent_id,        weight)     values ('goods/info/delete', NULL, NULL,        NULL)
1594104716055|1|statement|connection 0|url jdbc:mysql://localhost:3306/my_project?serverTimezone=Asia/Shanghai|insert into sys_route (url, `name`, parent_id,        weight)     values (?, ?, ?,        ?)|insert into sys_route (url, `name`, parent_id,        weight)     values ('goods/info/delete/{id}', NULL, NULL,        NULL)
1594104716058|1|statement|connection 0|url jdbc:mysql://localhost:3306/my_project?serverTimezone=Asia/Shanghai|insert into sys_route (url, `name`, parent_id,        weight)     values (?, ?, ?,        ?)|insert into sys_route (url, `name`, parent_id,        weight)     values ('goods/info', NULL, NULL,        NULL)
1594104716062|1|statement|connection 0|url jdbc:mysql://localhost:3306/my_project?serverTimezone=Asia/Shanghai|insert into sys_route (url, `name`, parent_id,        weight)     values (?, ?, ?,        ?)|insert into sys_route (url, `name`, parent_id,        weight)     values ('goods/type/get', NULL, NULL,        NULL)
1594104716065|1|statement|connection 0|url jdbc:mysql://localhost:3306/my_project?serverTimezone=Asia/Shanghai|insert into sys_route (url, `name`, parent_id,        weight)     values (?, ?, ?,        ?)|insert into sys_route (url, `name`, parent_id,        weight)     values ('goods/type/update', NULL, NULL,        NULL)
1594104716067|0|statement|connection 0|url jdbc:mysql://localhost:3306/my_project?serverTimezone=Asia/Shanghai|insert into sys_route (url, `name`, parent_id,        weight)     values (?, ?, ?,        ?)|insert into sys_route (url, `name`, parent_id,        weight)     values ('goods/type/list', NULL, NULL,        NULL)
1594104716069|1|statement|connection 0|url jdbc:mysql://localhost:3306/my_project?serverTimezone=Asia/Shanghai|insert into sys_route (url, `name`, parent_id,        weight)     values (?, ?, ?,        ?)|insert into sys_route (url, `name`, parent_id,        weight)     values ('goods/type/data', NULL, NULL,        NULL)
1594104716072|0|statement|connection 0|url jdbc:mysql://localhost:3306/my_project?serverTimezone=Asia/Shanghai|insert into sys_route (url, `name`, parent_id,        weight)     values (?, ?, ?,        ?)|insert into sys_route (url, `name`, parent_id,        weight)     values ('goods/type/delete/{id}', NULL, NULL,        NULL)
1594104716074|1|statement|connection 0|url jdbc:mysql://localhost:3306/my_project?serverTimezone=Asia/Shanghai|insert into sys_route (url, `name`, parent_id,        weight)     values (?, ?, ?,        ?)|insert into sys_route (url, `name`, parent_id,        weight)     values ('goods/type/save', NULL, NULL,        NULL)
1594104716076|1|statement|connection 0|url jdbc:mysql://localhost:3306/my_project?serverTimezone=Asia/Shanghai|insert into sys_route (url, `name`, parent_id,        weight)     values (?, ?, ?,        ?)|insert into sys_route (url, `name`, parent_id,        weight)     values ('goods/type/delete', NULL, NULL,        NULL)
1594104716079|1|statement|connection 0|url jdbc:mysql://localhost:3306/my_project?serverTimezone=Asia/Shanghai|insert into sys_route (url, `name`, parent_id,        weight)     values (?, ?, ?,        ?)|insert into sys_route (url, `name`, parent_id,        weight)     values ('goods/type/get/{id}', NULL, NULL,        NULL)
1594104716081|1|statement|connection 0|url jdbc:mysql://localhost:3306/my_project?serverTimezone=Asia/Shanghai|insert into sys_route (url, `name`, parent_id,        weight)     values (?, ?, ?,        ?)|insert into sys_route (url, `name`, parent_id,        weight)     values ('goods/type', NULL, NULL,        NULL)
1594104716093|10|commit|connection 0|url jdbc:mysql://localhost:3306/my_project?serverTimezone=Asia/Shanghai||
1594104738849|21|statement|connection 1|url jdbc:mysql://localhost:3306/my_project?serverTimezone=Asia/Shanghai|SELECT count(0) FROM sys_user|SELECT count(0) FROM sys_user
1594104738852|0|commit|connection 1|url jdbc:mysql://localhost:3306/my_project?serverTimezone=Asia/Shanghai||
1594104796446|22|statement|connection 0|url jdbc:mysql://localhost:3306/my_project?serverTimezone=Asia/Shanghai|select                      id, url, `name`, parent_id, weight         from sys_route|select                      id, url, `name`, parent_id, weight         from sys_route
1594104796486|0|commit|connection 0|url jdbc:mysql://localhost:3306/my_project?serverTimezone=Asia/Shanghai||
1594104805931|3|statement|connection 1|url jdbc:mysql://localhost:3306/my_project?serverTimezone=Asia/Shanghai|SELECT count(0) FROM sys_user|SELECT count(0) FROM sys_user
1594104805934|0|commit|connection 1|url jdbc:mysql://localhost:3306/my_project?serverTimezone=Asia/Shanghai||
